<?xml version="1.0" encoding="UTF-8"?>
<!-- Generated by org.testng.reporters.JUnitXMLReporter -->
<testsuite ignored="10" hostname="LTIN192410" failures="0" tests="11" name="Test" time="93.094" errors="0" timestamp="2024-02-20T23:03:37 IST">
  <testcase classname="TestCases.TC_001_Registration" name="test_travelInsurancebuttonClick" time="0.948"/>
  <testcase classname="TestCases.TC_001_Registration" name="test_TravelInsurance" time="45.459"/>
  <testcase classname="TestCases.TC_002_CarInsurance" name="test_carInsurance" time="0.795"/>
  <testcase classname="TestCases.TC_002_CarInsurance" name="test_carInsurance1" time="3.15"/>
  <testcase classname="TestCases.TC_003_CarInsurance1" name="test_carInsurancenegetive" time="11.315"/>
  <testcase classname="TestCases.TC_003_CarInsurance1" name="test_carInsuranceerrormessagevalidation" time="0.074"/>
  <testcase classname="TestCases.TC_003_CarInsurance1" name="test_carInsurancenegetivetestcase" time="0.566"/>
  <testcase classname="TestCases.TC_004_CarInsurance2" name="test_carInsurancepositive" time="2.963"/>
  <testcase classname="TestCases.TC_004a_CarInsurance2" name="test_carInsuranceQuote" time="9.367"/>
  <testcase classname="TestCases.TC_005_HealthInsurance" name="test_healthInsurance" time="1.116"/>
  <testcase classname="TestCases.TC_005_HealthInsurance" name="test_healthInsurancemotor" time="1.446"/>
  <testcase classname="testBase.BaseClass" name="@BeforeTest setup" time="0.0">
    <ignored/>
  </testcase> <!-- @BeforeTest setup -->
  <testcase classname="testBase.BaseClass" name="@BeforeTest setup" time="0.0">
    <ignored/>
  </testcase> <!-- @BeforeTest setup -->
  <testcase classname="testBase.BaseClass" name="@BeforeTest setup" time="0.0">
    <ignored/>
  </testcase> <!-- @BeforeTest setup -->
  <testcase classname="testBase.BaseClass" name="@BeforeTest setup" time="0.0">
    <ignored/>
  </testcase> <!-- @BeforeTest setup -->
  <testcase classname="testBase.BaseClass" name="@BeforeTest setup" time="0.0">
    <ignored/>
  </testcase> <!-- @BeforeTest setup -->
  <testcase classname="testBase.BaseClass" name="@AfterTest teardown" time="0.0">
    <ignored/>
  </testcase> <!-- @AfterTest teardown -->
  <testcase classname="testBase.BaseClass" name="@AfterTest teardown" time="0.0">
    <ignored/>
  </testcase> <!-- @AfterTest teardown -->
  <testcase classname="testBase.BaseClass" name="@AfterTest teardown" time="0.0">
    <ignored/>
  </testcase> <!-- @AfterTest teardown -->
  <testcase classname="testBase.BaseClass" name="@AfterTest teardown" time="0.0">
    <ignored/>
  </testcase> <!-- @AfterTest teardown -->
  <testcase classname="testBase.BaseClass" name="@AfterTest teardown" time="0.0">
    <ignored/>
  </testcase> <!-- @AfterTest teardown -->
</testsuite> <!-- Test -->
