<?xml version="1.0" encoding="UTF-8"?>
<!-- Generated by org.testng.reporters.JUnitXMLReporter -->
<testsuite ignored="10" hostname="LTIN192410" failures="0" tests="11" name="Test" time="99.74" errors="0" timestamp="2024-02-11T12:46:46 IST">
  <testcase classname="TestCases.TC_001_Registration" name="test_travelInsurancebuttonClick" time="0.936"/>
  <testcase classname="TestCases.TC_001_Registration" name="test_TravelInsurance" time="46.445"/>
  <testcase classname="TestCases.TC_002_CarInsurance" name="test_carInsurance" time="1.132"/>
  <testcase classname="TestCases.TC_002_CarInsurance" name="test_carInsurance1" time="3.574"/>
  <testcase classname="TestCases.TC_003_CarInsurance1" name="test_carInsurancenegetive" time="13.535"/>
  <testcase classname="TestCases.TC_003_CarInsurance1" name="test_carInsuranceerrormessagevalidation" time="0.092"/>
  <testcase classname="TestCases.TC_003_CarInsurance1" name="test_carInsurancenegetivetestcase" time="0.619"/>
  <testcase classname="TestCases.TC_004_CarInsurance2" name="test_carInsurancepositive" time="3.015"/>
  <testcase classname="TestCases.TC_004a_CarInsurance2" name="test_carInsuranceQuote" time="11.939"/>
  <testcase classname="TestCases.TC_005_HealthInsurance" name="test_healthInsurance" time="1.129"/>
  <testcase classname="TestCases.TC_005_HealthInsurance" name="test_healthInsurancemotor" time="1.622"/>
  <testcase classname="testBase.BaseClass" name="@BeforeTest setup" time="0.0">
    <ignored/>
  </testcase> <!-- @BeforeTest setup -->
  <testcase classname="testBase.BaseClass" name="@BeforeTest setup" time="0.0">
    <ignored/>
  </testcase> <!-- @BeforeTest setup -->
  <testcase classname="testBase.BaseClass" name="@BeforeTest setup" time="0.0">
    <ignored/>
  </testcase> <!-- @BeforeTest setup -->
  <testcase classname="testBase.BaseClass" name="@BeforeTest setup" time="0.0">
    <ignored/>
  </testcase> <!-- @BeforeTest setup -->
  <testcase classname="testBase.BaseClass" name="@BeforeTest setup" time="0.0">
    <ignored/>
  </testcase> <!-- @BeforeTest setup -->
  <testcase classname="testBase.BaseClass" name="@AfterTest teardown" time="0.0">
    <ignored/>
  </testcase> <!-- @AfterTest teardown -->
  <testcase classname="testBase.BaseClass" name="@AfterTest teardown" time="0.0">
    <ignored/>
  </testcase> <!-- @AfterTest teardown -->
  <testcase classname="testBase.BaseClass" name="@AfterTest teardown" time="0.0">
    <ignored/>
  </testcase> <!-- @AfterTest teardown -->
  <testcase classname="testBase.BaseClass" name="@AfterTest teardown" time="0.0">
    <ignored/>
  </testcase> <!-- @AfterTest teardown -->
  <testcase classname="testBase.BaseClass" name="@AfterTest teardown" time="0.0">
    <ignored/>
  </testcase> <!-- @AfterTest teardown -->
</testsuite> <!-- Test -->
